DEBUG:paramiko.transport:starting thread (client mode): 0x94e79810
DEBUG:paramiko.transport:Local version/idstring: SSH-2.0-paramiko_3.1.0
DEBUG:paramiko.transport:Remote version/idstring: SSH-2.0-Cisco-1.25
INFO:paramiko.transport:Connected (version 2.0, client Cisco-1.25)
DEBUG:paramiko.transport:=== Key exchange possibilities ===
DEBUG:paramiko.transport:kex algos: diffie-hellman-group1-sha1
DEBUG:paramiko.transport:server key: ssh-rsa
DEBUG:paramiko.transport:client encrypt: 3des-cbc, aes128-cbc, aes192-cbc, aes256-cbc, aes128-ctr, aes192-ctr, aes256-ctr
DEBUG:paramiko.transport:server encrypt: 3des-cbc, aes128-cbc, aes192-cbc, aes256-cbc, aes128-ctr, aes192-ctr, aes256-ctr
DEBUG:paramiko.transport:client mac: hmac-sha1, hmac-sha1-96
DEBUG:paramiko.transport:server mac: hmac-sha1, hmac-sha1-96
DEBUG:paramiko.transport:client compress: none
DEBUG:paramiko.transport:server compress: none
DEBUG:paramiko.transport:client lang: <none>
DEBUG:paramiko.transport:server lang: <none>
DEBUG:paramiko.transport:kex follows: False
DEBUG:paramiko.transport:=== Key exchange agreements ===
DEBUG:paramiko.transport:Kex: diffie-hellman-group1-sha1
DEBUG:paramiko.transport:HostKey: ssh-rsa
DEBUG:paramiko.transport:Cipher: aes128-ctr
DEBUG:paramiko.transport:MAC: hmac-sha1
DEBUG:paramiko.transport:Compression: none
DEBUG:paramiko.transport:=== End of kex handshake ===
DEBUG:paramiko.transport:kex engine KexGroup1 specified hash_algo <built-in function openssl_sha1>
DEBUG:paramiko.transport:Switch to new keys ...
DEBUG:paramiko.transport:Adding ssh-rsa host key for 172.20.201.31: b'6bec018a1e71ee2fab914f9de33153fc'
DEBUG:paramiko.transport:userauth is OK
INFO:paramiko.transport:Authentication (password) successful!
DEBUG:paramiko.transport:[chan 0] Max packet in: 32768 bytes
DEBUG:paramiko.transport:[chan 0] Max packet out: 4096 bytes
DEBUG:paramiko.transport:Secsh channel 0 opened.
DEBUG:paramiko.transport:[chan 0] Sesch channel 0 request ok
DEBUG:paramiko.transport:[chan 0] Sesch channel 0 request ok
DEBUG:netmiko:write_channel: b'\n'
DEBUG:netmiko:write_channel: b'terminal width 511\n'
DEBUG:netmiko:read_channel: +--------------------=== WARNING ===------------------------+
| THIS IS A PRIVATE AND PROPRIETARY SYSTEM OF AMERICA MOVIL.|
| ANY UNAUTHORIZED ACCESS TO OR MISUSE OF THE SYSTEM OR DATA|
| MAY RESULT IN CIVIL AND/OR CRIMINAL PROSECUTION. AMERICA  |
| MONITORS THE ACCESS AND USE OF THIS SYSTEM. |
+--------------------=== WARNING ===------------------------+
Type help or '?' for a list of available commands.

BSL-PES-FW01> 

BSL-PES-FW01> 
DEBUG:netmiko:read_channel: 
DEBUG:netmiko:read_channel: terminal w
DEBUG:netmiko:read_channel: idth 511
                       ^
ERROR: % Invalid input detected at '^' marker.

BSL-PES-FW01> 
DEBUG:netmiko:Pattern found: (terminal width 511) +--------------------=== WARNING ===------------------------+
| THIS IS A PRIVATE AND PROPRIETARY SYSTEM OF AMERICA MOVIL.|
| ANY UNAUTHORIZED ACCESS TO OR MISUSE OF THE SYSTEM OR DATA|
| MAY RESULT IN CIVIL AND/OR CRIMINAL PROSECUTION. AMERICA  |
| MONITORS THE ACCESS AND USE OF THIS SYSTEM. |
+--------------------=== WARNING ===------------------------+
Type help or '?' for a list of available commands.

BSL-PES-FW01> 

BSL-PES-FW01> terminal width 511
DEBUG:netmiko:In disable_paging
DEBUG:netmiko:Command: terminal length 0

DEBUG:netmiko:write_channel: b'terminal length 0\n'
DEBUG:netmiko:read_channel: 
DEBUG:netmiko:read_channel: 
DEBUG:netmiko:read_channel: terminal le
DEBUG:netmiko:read_channel: ngth 0
                       ^
ERROR: % Invalid input detected at '^' marker.

BSL-PES-FW01> 
DEBUG:netmiko:Pattern found: (terminal\ length\ 0) 
                       ^
ERROR: % Invalid input detected at '^' marker.

BSL-PES-FW01> terminal length 0
DEBUG:netmiko:
                       ^
ERROR: % Invalid input detected at '^' marker.

BSL-PES-FW01> terminal length 0
DEBUG:netmiko:Exiting disable_paging
DEBUG:netmiko:read_channel: 
DEBUG:netmiko:Clear buffer detects data in the channel
DEBUG:netmiko:read_channel: 
DEBUG:netmiko:write_channel: b'\n'
DEBUG:netmiko:read_channel: 
DEBUG:netmiko:read_channel: 
DEBUG:netmiko:read_channel: 

BSL-PES-FW01> 
DEBUG:netmiko:Pattern found: (\#|>) 

BSL-PES-FW01>
DEBUG:netmiko:read_channel: 
DEBUG:netmiko:Clear buffer detects data in the channel
DEBUG:netmiko:read_channel: 
DEBUG:netmiko:[find_prompt()]: prompt is BSL-PES-FW01>
DEBUG:netmiko:write_channel: b'\n'
DEBUG:netmiko:read_channel: 
DEBUG:netmiko:read_channel: 
DEBUG:netmiko:read_channel: 

BSL-PES-FW01> 
DEBUG:netmiko:Pattern found: (BSL\-PES\-FW01.*) 

BSL-PES-FW01> 
DEBUG:netmiko:write_channel: b'enable\n'
DEBUG:netmiko:read_channel: 
DEBUG:netmiko:read_channel: 
DEBUG:netmiko:read_channel: enable
Password: 
DEBUG:netmiko:Pattern found: (enable) enable
DEBUG:netmiko:read_channel: 
DEBUG:netmiko:Pattern found: ((?:BSL\-PES\-FW01|ssword)) 
Password
DEBUG:netmiko:write_channel: b'********\n'
DEBUG:netmiko:read_channel: 
DEBUG:netmiko:read_channel: 
DEBUG:netmiko:read_channel: ******
DEBUG:netmiko:read_channel: ***

DEBUG:netmiko:read_channel: 
BSL-PES-FW01# 
DEBUG:netmiko:Pattern found: (BSL\-PES\-FW01) : *********

BSL-PES-FW01
DEBUG:netmiko:write_channel: b'\n'
DEBUG:netmiko:read_channel: 
DEBUG:netmiko:read_channel: 
DEBUG:netmiko:read_channel: 

BSL-PES-FW01# 
DEBUG:netmiko:Pattern found: (BSL\-PES\-FW01.*) # 

BSL-PES-FW01# 
DEBUG:netmiko:read_channel: 
DEBUG:netmiko:write_channel: b'\n'
DEBUG:netmiko:read_channel: 

BSL-PES-FW01# 
DEBUG:netmiko:read_channel: 
DEBUG:netmiko:[find_prompt()]: prompt is BSL-PES-FW01#
DEBUG:netmiko:write_channel: b'terminal pager 0\n'
DEBUG:netmiko:read_channel: 
DEBUG:netmiko:read_channel: 
DEBUG:netmiko:read_channel: terminal page
DEBUG:netmiko:read_channel: r 0

BSL-PES-FW01# 
DEBUG:netmiko:Pattern found: (terminal\ pager\ 0) terminal pager 0
DEBUG:netmiko:read_channel: 
DEBUG:netmiko:read_channel: 
DEBUG:netmiko:write_channel: b'\n'
DEBUG:netmiko:read_channel: 

BSL-PES-FW01# 
DEBUG:netmiko:read_channel: 
DEBUG:netmiko:[find_prompt()]: prompt is BSL-PES-FW01#
DEBUG:netmiko:write_channel: b'sh vpn-sessiondb l2l\n'
DEBUG:netmiko:read_channel: 
DEBUG:netmiko:read_channel: 
DEBUG:netmiko:read_channel: sh vpn-
DEBUG:netmiko:read_channel: session
DEBUG:netmiko:read_channel: db l2l

Session Type: LAN-to-LAN

Connection   : 201.76.186.70
Index        : 58021                  IP Addr      : 201.76.186.70
Protocol     : IKEv1 IPsec
Encryption   : IKEv1: (1)AES256  IPsec: (4)AES256
Hashing      : IKEv1: (1)SHA1  IPsec: (4)SHA1
Bytes Tx     : 241050806              Bytes Rx     : 780957781
Login Time   : 13:47:29 utc Thu Sep 28 2023
Duration     : 5d 23h:08m:12s
Connection   : 200.169.116.9
Index        : 58380                  IP Addr      : 200.169.116.9
Protocol     : IKEv1 IPsec
Encryption   : IKEv1: (1)AES256  IPsec: (1)AES256

DEBUG:netmiko:Pattern found: (sh\ vpn\-sessiondb\ l2l) sh vpn-sessiondb l2l
DEBUG:netmiko:read_channel: Hashing      : IKEv1: (1)SHA1  IPsec: (1)SHA1
Bytes Tx     : 948600                 Bytes Rx     : 0
Login Time   : 15:37:21 utc Tue Oct 3 2023
Duration     : 21h:18m:20s
Connection   : 200.95.161.2
Index        : 58389                  IP Addr      : 200.95.161.2
Protocol     : IKEv1 IPsec
Encryption   : IKEv1: (1)AES256  IPsec: (3)AES256
Hashing      : IKEv1: (1)SHA1  IPsec: (3)SHA1
Bytes Tx     : 18094366               Bytes Rx     : 248001949
Login Time   : 06:29:28 utc Wed Oct 4 2023
Duration     : 6h:26m:13s
Connection   : 200.57.168.92
Index        : 58390                  IP Addr      : 200.57.168.92
Protocol     : IKEv1
Encryption   : IKEv1: (1)AES256       Hashing      : IKEv1: (1)SHA1
Bytes Tx     : 0                      Bytes Rx     : 0
Login Time   : 12:51:10 utc Wed Oct 4 2023
Duration     : 0h:04m:31s

BSL-PES-FW01# 
DEBUG:netmiko:read_channel: 
DEBUG:netmiko:write_channel: b'\n'
DEBUG:netmiko:read_channel: 
DEBUG:netmiko:write_channel: b'\n'
DEBUG:netmiko:read_channel: 

BSL-PES-FW01# 
DEBUG:netmiko:read_channel: 
DEBUG:netmiko:[find_prompt()]: prompt is BSL-PES-FW01#
DEBUG:netmiko:write_channel: b'sh run | in 201.76.186.70\n'
DEBUG:netmiko:read_channel: 
DEBUG:netmiko:read_channel: 

BSL-PES-FW01# 
DEBUG:netmiko:read_channel: sh run | in 
DEBUG:netmiko:read_channel: 201.76
DEBUG:netmiko:read_channel: .186.70

DEBUG:netmiko:Pattern found: (sh\ run\ \|\ in\ 201\.76\.186\.70) 

BSL-PES-FW01# sh run | in 201.76.186.70
DEBUG:netmiko:read_channel:  network-object host 201.76.186.70
 network-object host 201.76.186.70

DEBUG:netmiko:read_channel: access-list Internet-ACL extended permit tcp host 201.76.186.70 host 201.31.5.4 eq 9443 
access-list Internet-ACL extended permit tcp host 201.76.186.70 host 201.31.5.9 eq 8088 
access-list Internet-ACL extended permit tcp host 201.76.186.70 host 201.31.5.9 eq 8443 
access-list Internet-ACL extended permit tcp host 201.76.186.70 host 201.31.5.9 eq 9443 
access-list Internet-ACL extended permit tcp host 201.76.186.70 host 201.31.5.9 eq 18090 
access-list Internet-ACL extended permit ip host 201.76.186.70 host 201.31.5.11 
access-list Internet-ACL extended permit ip host 201.76.186.70 host 201.31.5.29 
access-list Internet-ACL extended permit ip host 201.76.186.70 host 201.31.5.30 
access-list Internet-ACL extended permit tcp host 201.76.186.70 object-group DM_INLINE_NETWORK_164 object-group DM_INLINE_TCP_18 
access-list Internet-ACL extended permit tcp host 201.76.186.70 host 201.31.5.29 eq https 
access-list Internet-ACL extended permit tcp host 201.76.186.70 host 201.31.5.30 eq https 
access-list Internet-ACL extended permit tcp host 201.76.186.70 host 201.31.5.9 eq 7443 
access-list Internet-ACL extended permit tcp host 201.76.186.70 host 201.31.5.4 eq 7443 

DEBUG:netmiko:read_channel: 
DEBUG:netmiko:read_channel: crypto map outside-map 12 set peer 201.76.186.70 

DEBUG:netmiko:read_channel: tunnel-group 201.76.186.70 type ipsec-l2l
tunnel-group 201.76.186.70 general-attributes
tunnel-group 201.76.186.70 ipsec-attributes

DEBUG:netmiko:read_channel: 
BSL-PES-FW01# 
DEBUG:netmiko:read_channel: 
DEBUG:netmiko:write_channel: b'\n'
DEBUG:netmiko:read_channel: 

BSL-PES-FW01# 
DEBUG:netmiko:read_channel: 
DEBUG:netmiko:[find_prompt()]: prompt is BSL-PES-FW01#
DEBUG:netmiko:write_channel: b'sh run | in outside-map 12 match\n'
DEBUG:netmiko:read_channel: 
DEBUG:netmiko:read_channel: 
DEBUG:netmiko:read_channel: 
DEBUG:netmiko:read_channel: 
DEBUG:netmiko:read_channel: 
DEBUG:netmiko:read_channel: 
DEBUG:netmiko:read_channel: sh run | in outside-
DEBUG:netmiko:read_channel: map 12
DEBUG:netmiko:read_channel:  match

DEBUG:netmiko:Pattern found: (sh\ run\ \|\ in\ outside\-map\ 12\ match) sh run | in outside-map 12 match
DEBUG:netmiko:read_channel: 
DEBUG:netmiko:read_channel: 
DEBUG:netmiko:read_channel: 
DEBUG:netmiko:read_channel: crypto map outside-map 12 match address outside_cryptomap_10

DEBUG:netmiko:read_channel: 
DEBUG:netmiko:read_channel: 
DEBUG:netmiko:read_channel: 
BSL-PES-FW01# 
DEBUG:netmiko:read_channel: 
DEBUG:netmiko:write_channel: b'\n'
DEBUG:netmiko:read_channel: 

BSL-PES-FW01# 
DEBUG:netmiko:read_channel: 
DEBUG:netmiko:[find_prompt()]: prompt is BSL-PES-FW01#
DEBUG:netmiko:write_channel: b'sh run | in outside_cryptomap_10 extended\n'
DEBUG:netmiko:read_channel: 
DEBUG:netmiko:read_channel: 
DEBUG:netmiko:read_channel: sh run | in outside_c
DEBUG:netmiko:read_channel: ryptom
DEBUG:netmiko:read_channel: ap_10 extended

DEBUG:netmiko:Pattern found: (sh\ run\ \|\ in\ outside_cryptomap_10\ extended) sh run | in outside_cryptomap_10 extended
DEBUG:netmiko:read_channel: 
DEBUG:netmiko:read_channel: 
DEBUG:netmiko:read_channel: access-list outside_cryptomap_10 extended permit ip object-group 1042548BRAEMPU001_Local06 object-group 1042548BRAEMPU001_remote 

DEBUG:netmiko:read_channel: 
DEBUG:netmiko:read_channel: 
DEBUG:netmiko:read_channel: 
DEBUG:netmiko:read_channel: 
BSL-PES-FW01# 
DEBUG:netmiko:read_channel: 
DEBUG:netmiko:write_channel: b'\n'
DEBUG:netmiko:read_channel: 

BSL-PES-FW01# 
DEBUG:netmiko:read_channel: 
DEBUG:netmiko:[find_prompt()]: prompt is BSL-PES-FW01#
DEBUG:netmiko:write_channel: b'sh run | in 200.169.116.9\n'
DEBUG:netmiko:read_channel: 
DEBUG:netmiko:read_channel: 
DEBUG:netmiko:read_channel: sh run | in 200.169.116
DEBUG:netmiko:read_channel: .9

DEBUG:netmiko:Pattern found: (sh\ run\ \|\ in\ 200\.169\.116\.9) sh run | in 200.169.116.9
DEBUG:netmiko:read_channel: 
DEBUG:netmiko:read_channel: 
DEBUG:netmiko:read_channel: 
DEBUG:netmiko:read_channel: crypto map outside-map 56 set peer 200.169.116.9 

DEBUG:netmiko:read_channel: tunnel-group 200.169.116.9 type ipsec-l2l
tunnel-group 200.169.116.9 general-attributes
tunnel-group 200.169.116.9 ipsec-attributes

DEBUG:netmiko:read_channel: 
BSL-PES-FW01# 
DEBUG:netmiko:read_channel: 
DEBUG:netmiko:write_channel: b'\n'
DEBUG:netmiko:read_channel: 

BSL-PES-FW01# 
DEBUG:netmiko:read_channel: 
DEBUG:netmiko:[find_prompt()]: prompt is BSL-PES-FW01#
DEBUG:netmiko:write_channel: b'sh run | in outside-map 56 match\n'
DEBUG:netmiko:read_channel: 
DEBUG:netmiko:read_channel: 
DEBUG:netmiko:read_channel: sh run | in outside-map 
DEBUG:netmiko:read_channel: 5
DEBUG:netmiko:read_channel: 6 match

DEBUG:netmiko:Pattern found: (sh\ run\ \|\ in\ outside\-map\ 56\ match) sh run | in outside-map 56 match
DEBUG:netmiko:read_channel: 
DEBUG:netmiko:read_channel: 
DEBUG:netmiko:read_channel: 
DEBUG:netmiko:read_channel: 
DEBUG:netmiko:read_channel: crypto map outside-map 56 match address outside_cryptomap_61

DEBUG:netmiko:read_channel: 
DEBUG:netmiko:read_channel: 
BSL-PES-FW01# 
DEBUG:netmiko:read_channel: 
DEBUG:netmiko:write_channel: b'\n'
DEBUG:netmiko:read_channel: 

BSL-PES-FW01# 
DEBUG:netmiko:read_channel: 
DEBUG:netmiko:[find_prompt()]: prompt is BSL-PES-FW01#
DEBUG:netmiko:write_channel: b'sh run | in outside_cryptomap_61 extended\n'
DEBUG:netmiko:read_channel: 
DEBUG:netmiko:read_channel: 
DEBUG:netmiko:read_channel: sh run | in outside_cryp
DEBUG:netmiko:read_channel: tomap_61 ex
DEBUG:netmiko:read_channel: tended

DEBUG:netmiko:Pattern found: (sh\ run\ \|\ in\ outside_cryptomap_61\ extended) sh run | in outside_cryptomap_61 extended
DEBUG:netmiko:read_channel: 
DEBUG:netmiko:read_channel: 
DEBUG:netmiko:read_channel: access-list outside_cryptomap_61 extended permit ip object-group 1042548BRAEMPU001_Local4_imusica object-group 1042548BRAEMPU001_Remote4_huawai 

DEBUG:netmiko:read_channel: 
DEBUG:netmiko:read_channel: 
DEBUG:netmiko:read_channel: 
DEBUG:netmiko:read_channel: 
BSL-PES-FW01# 
DEBUG:netmiko:read_channel: 
DEBUG:netmiko:write_channel: b'\n'
DEBUG:netmiko:read_channel: 

BSL-PES-FW01# 
DEBUG:netmiko:read_channel: 
DEBUG:netmiko:[find_prompt()]: prompt is BSL-PES-FW01#
DEBUG:netmiko:write_channel: b'sh run | in 200.95.161.2\n'
DEBUG:netmiko:read_channel: 
DEBUG:netmiko:read_channel: 
DEBUG:netmiko:read_channel: sh run | in 200.95.161.2
DEBUG:netmiko:Pattern found: (sh\ run\ \|\ in\ 200\.95\.161\.2) sh run | in 200.95.161.2
DEBUG:netmiko:read_channel: 

DEBUG:netmiko:read_channel: 
DEBUG:netmiko:read_channel: 
DEBUG:netmiko:read_channel: 
DEBUG:netmiko:read_channel: crypto map outside-map 14 set peer 200.95.161.2 

DEBUG:netmiko:read_channel: tunnel-group 200.95.161.2 type ipsec-l2l
tunnel-group 200.95.161.2 general-attributes
tunnel-group 200.95.161.2 ipsec-attributes

DEBUG:netmiko:read_channel: 
BSL-PES-FW01# 
DEBUG:netmiko:read_channel: 
DEBUG:netmiko:write_channel: b'\n'
DEBUG:netmiko:read_channel: 

BSL-PES-FW01# 
DEBUG:netmiko:read_channel: 
DEBUG:netmiko:[find_prompt()]: prompt is BSL-PES-FW01#
DEBUG:netmiko:write_channel: b'sh run | in outside-map 14 match\n'
DEBUG:netmiko:read_channel: 
DEBUG:netmiko:read_channel: 
DEBUG:netmiko:read_channel: sh run | in outside-map 
DEBUG:netmiko:read_channel: 14 match

DEBUG:netmiko:Pattern found: (sh\ run\ \|\ in\ outside\-map\ 14\ match) sh run | in outside-map 14 match
DEBUG:netmiko:read_channel: 
DEBUG:netmiko:read_channel: 
DEBUG:netmiko:read_channel: 
DEBUG:netmiko:read_channel: 
DEBUG:netmiko:read_channel: crypto map outside-map 14 match address outside_cryptomap_12

DEBUG:netmiko:read_channel: 
DEBUG:netmiko:read_channel: 
BSL-PES-FW01# 
DEBUG:netmiko:read_channel: 
DEBUG:netmiko:write_channel: b'\n'
DEBUG:netmiko:read_channel: 

BSL-PES-FW01# 
DEBUG:netmiko:read_channel: 
DEBUG:netmiko:[find_prompt()]: prompt is BSL-PES-FW01#
DEBUG:netmiko:write_channel: b'sh run | in outside_cryptomap_12 extended\n'
DEBUG:netmiko:read_channel: 
DEBUG:netmiko:read_channel: 
DEBUG:netmiko:read_channel: sh run | in outside_cryp
DEBUG:netmiko:read_channel: tom
DEBUG:netmiko:read_channel: ap_12 extended

DEBUG:netmiko:Pattern found: (sh\ run\ \|\ in\ outside_cryptomap_12\ extended) sh run | in outside_cryptomap_12 extended
DEBUG:netmiko:read_channel: 
DEBUG:netmiko:read_channel: 
DEBUG:netmiko:read_channel: 
DEBUG:netmiko:read_channel: 
DEBUG:netmiko:read_channel: 
DEBUG:netmiko:read_channel: 
DEBUG:netmiko:read_channel: 
DEBUG:netmiko:read_channel: 
DEBUG:netmiko:read_channel: 
DEBUG:netmiko:read_channel: 
DEBUG:netmiko:read_channel: 
DEBUG:netmiko:read_channel: 
DEBUG:netmiko:read_channel: 
DEBUG:netmiko:read_channel: 
DEBUG:netmiko:read_channel: 
DEBUG:netmiko:read_channel: 
DEBUG:netmiko:read_channel: 
DEBUG:netmiko:read_channel: 
DEBUG:netmiko:read_channel: 
DEBUG:netmiko:read_channel: 
DEBUG:netmiko:read_channel: 
DEBUG:netmiko:read_channel: 
DEBUG:netmiko:read_channel: 
DEBUG:netmiko:read_channel: 
DEBUG:netmiko:read_channel: 
DEBUG:netmiko:read_channel: 
DEBUG:netmiko:read_channel: 
DEBUG:netmiko:read_channel: 
DEBUG:netmiko:read_channel: 
DEBUG:netmiko:read_channel: 
DEBUG:netmiko:read_channel: 
DEBUG:netmiko:read_channel: 
DEBUG:netmiko:read_channel: 
DEBUG:netmiko:read_channel: 
DEBUG:netmiko:read_channel: 
DEBUG:netmiko:read_channel: 
DEBUG:netmiko:read_channel: 
DEBUG:netmiko:read_channel: 
DEBUG:netmiko:read_channel: 
DEBUG:netmiko:read_channel: 
DEBUG:netmiko:read_channel: 
DEBUG:netmiko:read_channel: 
DEBUG:netmiko:read_channel: 
DEBUG:netmiko:read_channel: 
DEBUG:netmiko:read_channel: 
DEBUG:netmiko:read_channel: 
DEBUG:netmiko:read_channel: 
DEBUG:netmiko:read_channel: 
DEBUG:netmiko:read_channel: 
DEBUG:netmiko:read_channel: 
DEBUG:netmiko:read_channel: 
DEBUG:netmiko:read_channel: 
DEBUG:netmiko:read_channel: 
DEBUG:netmiko:read_channel: access-list outside_cryptomap_12 extended permit ip object-group DM_INLINE_NETWORK_150 object-group DM_INLINE_NETWORK_141 

BSL-PES-FW01# 
DEBUG:netmiko:read_channel: 
DEBUG:netmiko:write_channel: b'\n'
DEBUG:netmiko:read_channel: 

BSL-PES-FW01# 
DEBUG:netmiko:read_channel: 
DEBUG:netmiko:[find_prompt()]: prompt is BSL-PES-FW01#
DEBUG:netmiko:write_channel: b'sh run | in 200.57.168.92\n'
DEBUG:netmiko:read_channel: 
DEBUG:netmiko:read_channel: 
DEBUG:netmiko:read_channel: sh run | 
DEBUG:netmiko:read_channel: in 200.57.168.92

DEBUG:netmiko:Pattern found: (sh\ run\ \|\ in\ 200\.57\.168\.92) sh run | in 200.57.168.92
DEBUG:netmiko:read_channel: 
DEBUG:netmiko:read_channel: 
DEBUG:netmiko:read_channel: 
DEBUG:netmiko:read_channel: crypto map outside-map 5 set peer 200.57.168.92 

DEBUG:netmiko:read_channel: tunnel-group 200.57.168.92 type ipsec-l2l
tunnel-group 200.57.168.92 general-attributes
tunnel-group 200.57.168.92 ipsec-attributes

DEBUG:netmiko:read_channel: 
DEBUG:netmiko:read_channel: 
BSL-PES-FW01# 
DEBUG:netmiko:read_channel: 
DEBUG:netmiko:write_channel: b'\n'
DEBUG:netmiko:read_channel: 

BSL-PES-FW01# 
DEBUG:netmiko:read_channel: 
DEBUG:netmiko:[find_prompt()]: prompt is BSL-PES-FW01#
DEBUG:netmiko:write_channel: b'sh run | in outside-map 5 match\n'
DEBUG:netmiko:read_channel: 
DEBUG:netmiko:read_channel: 
DEBUG:netmiko:read_channel: sh run | in
DEBUG:netmiko:read_channel: 
DEBUG:netmiko:read_channel:  outside-map 5 match

DEBUG:netmiko:Pattern found: (sh\ run\ \|\ in\ outside\-map\ 5\ match) sh run | in outside-map 5 match
DEBUG:netmiko:read_channel: 
DEBUG:netmiko:read_channel: 
DEBUG:netmiko:read_channel: 
DEBUG:netmiko:read_channel: crypto map outside-map 5 match address outside_cryptomap_3

DEBUG:netmiko:read_channel: 
DEBUG:netmiko:read_channel: 
BSL-PES-FW01# 
DEBUG:netmiko:read_channel: 
DEBUG:netmiko:write_channel: b'\n'
DEBUG:netmiko:read_channel: 

BSL-PES-FW01# 
DEBUG:netmiko:read_channel: 
DEBUG:netmiko:[find_prompt()]: prompt is BSL-PES-FW01#
DEBUG:netmiko:write_channel: b'sh run | in outside_cryptomap_3 extended\n'
DEBUG:netmiko:read_channel: 
DEBUG:netmiko:read_channel: 
DEBUG:netmiko:read_channel: sh run | in o
DEBUG:netmiko:read_channel: utside_
DEBUG:netmiko:read_channel: cryptomap_3 extended

DEBUG:netmiko:Pattern found: (sh\ run\ \|\ in\ outside_cryptomap_3\ extended) sh run | in outside_cryptomap_3 extended
DEBUG:netmiko:read_channel: 
DEBUG:netmiko:read_channel: 
DEBUG:netmiko:read_channel: access-list outside_cryptomap_3 extended permit ip object-group Embrtl-to-Mex-Monitoreo object-group Mex-to-Embrtl-Monitor 

DEBUG:netmiko:read_channel: 
DEBUG:netmiko:read_channel: 
DEBUG:netmiko:read_channel: 
BSL-PES-FW01# 
